<?xml version="1.0" encoding="UTF-8"?>
<!-- Generated by org.testng.reporters.JUnitReportReporter -->
<testsuite skipped="0" hostname="hp" name="com.php.qa.testcases.HomePageTest" tests="3" failures="0" timestamp="04 Jan 2020 12:51:08 GMT" time="56.494" errors="0">
  <testcase name="validateDashboardLabel" time="15.489" classname="com.php.qa.testcases.HomePageTest"/>
  <testcase name="navigatePagesPage" time="20.513" classname="com.php.qa.testcases.HomePageTest"/>
  <testcase name="validateHomePageTitle" time="20.492" classname="com.php.qa.testcases.HomePageTest"/>
</testsuite> <!-- com.php.qa.testcases.HomePageTest -->
