<?xml version="1.0" encoding="UTF-8"?>
<!-- Generated by org.testng.reporters.JUnitReportReporter -->
<testsuite hostname="hp" name="com.php.qa.testcases.SampleTest" tests="1" failures="0" timestamp="8 Jan 2020 19:32:44 GMT" time="0.673" errors="0">
  <testcase name="readData" time="0.673" classname="com.php.qa.testcases.SampleTest"/>
</testsuite> <!-- com.php.qa.testcases.SampleTest -->
