<?xml version="1.0" encoding="UTF-8"?>
<!-- Generated by org.testng.reporters.JUnitReportReporter -->
<testsuite hostname="hp" name="com.php.qa.testcases.CMSManagementPageTest" tests="6" failures="0" timestamp="9 Jan 2020 18:02:56 GMT" time="213.098" errors="0">
  <testcase name="validateCreatePage" time="37.438" classname="com.php.qa.testcases.CMSManagementPageTest"/>
  <testcase name="selectMultiplePageTitle" time="39.149" classname="com.php.qa.testcases.CMSManagementPageTest"/>
  <testcase name="validateCMSManagementLabelTest" time="35.526" classname="com.php.qa.testcases.CMSManagementPageTest"/>
  <testcase name="validateCreatePage" time="36.703" classname="com.php.qa.testcases.CMSManagementPageTest"/>
  <testcase name="selectSinglePageTitle" time="28.745" classname="com.php.qa.testcases.CMSManagementPageTest"/>
  <testcase name="validateCreatePage" time="35.537" classname="com.php.qa.testcases.CMSManagementPageTest"/>
</testsuite> <!-- com.php.qa.testcases.CMSManagementPageTest -->
