<?xml version="1.0" encoding="UTF-8"?>
<!-- Generated by org.testng.reporters.JUnitReportReporter -->
<testsuite hostname="hp" name="com.php.qa.testcases.DataProvidersDemo" tests="3" failures="0" timestamp="9 Jan 2020 16:42:43 GMT" time="0.020" errors="0">
  <testcase name="fillingData" time="0.016" classname="com.php.qa.testcases.DataProvidersDemo"/>
  <testcase name="fillingData" time="0.002" classname="com.php.qa.testcases.DataProvidersDemo"/>
  <testcase name="fillingData" time="0.002" classname="com.php.qa.testcases.DataProvidersDemo"/>
</testsuite> <!-- com.php.qa.testcases.DataProvidersDemo -->
