<?xml version="1.0" encoding="UTF-8"?>
<!-- Generated by org.testng.reporters.JUnitReportReporter -->
<testsuite skipped="2" hostname="hp" name="com.php.qa.testcases.LoginPageTest" tests="3" failures="0" timestamp="01 Jan 2020 18:39:07 GMT" time="11.895" errors="0">
  <testcase name="validateLogin" time="11.895" classname="com.php.qa.testcases.LoginPageTest"/>
  <testcase name="valdiateLoginpageTitle" classname="com.php.qa.testcases.LoginPageTest">
    <skipped/>
  </testcase> <!-- valdiateLoginpageTitle -->
  <testcase name="validateLoginPanelHeader" classname="com.php.qa.testcases.LoginPageTest">
    <skipped/>
  </testcase> <!-- validateLoginPanelHeader -->
</testsuite> <!-- com.php.qa.testcases.LoginPageTest -->
